{
  "stats": {
    "suites": 1,
    "tests": 1,
    "passes": 1,
    "pending": 0,
    "failures": 0,
    "start": "2021-09-07T07:05:51.499Z",
    "end": "2021-09-07T07:05:55.816Z",
    "duration": 4317,
    "testsRegistered": 1,
    "passPercent": 100,
    "pendingPercent": 0,
    "other": 0,
    "hasOther": false,
    "skipped": 0,
    "hasSkipped": false
  },
  "results": [
    {
      "uuid": "7dd5112f-7d29-42b6-93f9-1d4760ac6fc5",
      "title": "",
      "fullFile": "cypress/integration/apiRegression/deleteUser.js",
      "file": "cypress/integration/apiRegression/deleteUser.js",
      "beforeHooks": [],
      "afterHooks": [],
      "tests": [],
      "suites": [
        {
          "uuid": "34358af8-d241-4905-bbae-e60a1030c749",
          "title": "delete user ",
          "fullFile": "",
          "file": "",
          "beforeHooks": [],
          "afterHooks": [],
          "tests": [
            {
              "title": "get users",
              "fullTitle": "delete user  get users",
              "timedOut": null,
              "duration": 4294,
              "state": "passed",
              "speed": "slow",
              "pass": true,
              "fail": false,
              "pending": false,
              "context": null,
              "code": "cy.request({\n  method: 'GET',\n  url: 'https://supervillain.herokuapp.com/v1/user',\n  headers: {\n    'authorization': \"Bearer \" + Cypress.env('passphrase')\n  }\n}).then(res => {\n  //cy.log(token.passphrase)\n  expect(res.status).to.eq(200);\n  res.body[0].username; //gets the first element's username\n  expect(res.body[0]).has.property('username', res.body[0].username);\n  cy.log(\"Delete was causing some service outage issue, hence the code is commented out, this execution is a dummy get execution\");\n});",
              "err": {},
              "uuid": "88229a5c-6ed4-470e-977a-66742b975616",
              "parentUUID": "34358af8-d241-4905-bbae-e60a1030c749",
              "isHook": false,
              "skipped": false
            }
          ],
          "suites": [],
          "passes": [
            "88229a5c-6ed4-470e-977a-66742b975616"
          ],
          "failures": [],
          "pending": [],
          "skipped": [],
          "duration": 4294,
          "root": false,
          "rootEmpty": false,
          "_timeout": 2000
        }
      ],
      "passes": [],
      "failures": [],
      "pending": [],
      "skipped": [],
      "duration": 0,
      "root": true,
      "rootEmpty": true,
      "_timeout": 2000
    }
  ],
  "meta": {
    "mocha": {
      "version": "7.0.1"
    },
    "mochawesome": {
      "options": {
        "quiet": false,
        "reportFilename": "report",
        "saveHtml": true,
        "saveJson": true,
        "consoleReporter": "spec",
        "useInlineDiffs": false,
        "code": true
      },
      "version": "6.2.2"
    },
    "marge": {
      "options": {
        "reportDir": "cypress/reports",
        "reportFilename": "report",
        "overwrite": false,
        "html": true,
        "json": true,
        "charts": true
      },
      "version": "5.2.0"
    }
  }
}